   0.0000000000000000        3.7433218934379625E-003
   2.9999967937208417E-002   4.2804851328090707E-003
   5.9999935874416835E-002   4.8153592125172433E-003
   8.9999903811625259E-002   5.3320231067298949E-003
  0.11999987174883367        5.8148386860902611E-003
  0.14999983968604208        6.2495417015297188E-003
  0.17999980762325052        6.6242178669900275E-003
  0.20999977556045893        6.9300659506179203E-003
  0.23999974349766734        7.1618871811453995E-003
  0.26999971143487578        7.3182864078523520E-003
  0.29999967937208416        7.4016150066382232E-003
  0.32999964730929260        7.4177184325100176E-003
  0.35999961524650104        7.3755653530983506E-003
  0.38999958318370942        7.2868280227272146E-003
  0.41999955112091786        7.1654580658573686E-003
  0.44999951905812624        7.0272660537986139E-003
  0.47999948699533468        6.8894779622104578E-003
  0.50999945493254306        6.7702177301725867E-003
  0.53999942286975156        6.6878610803286342E-003
  0.56999939080695994        6.6602252608521113E-003
  0.59999935874416832        6.7036006609604371E-003
  0.62999932668137681        6.8316864040356409E-003
  0.65999929461858520        7.0545524251685457E-003
  0.68999926255579358        7.3778030512761670E-003
  0.71999923049300207        7.8021503727163958E-003
  0.74999919843021046        8.3236112114041319E-003
  0.77999916636741884        8.9345150216120356E-003
  0.80999913430462722        9.6254523645343919E-003
  0.83999910224183572        1.0388210362730983E-002
  0.86999907017904410        1.1219642609490288E-002
  0.89999903811625248        1.2126319002235177E-002
  0.92999900605346097        1.3129709440310991E-002
  0.95999897399066936        1.4271586651237973E-002
  0.98999894192787774        1.5619296708594447E-002
   1.0199989098650861        1.7270545271177946E-002
   1.0499988778022946        1.9357381572959329E-002
   1.0799988457395031        2.2049123462379045E-002
   1.1099988136767114        2.5554043844635544E-002
   1.1399987816139199        3.0119718503541955E-002
   1.1699987495511284        3.6032005636686862E-002
   1.1999987174883366        4.3612681156048667E-002
   1.2299986854255451        5.3215790215076227E-002
   1.2599986533627536        6.5222801258321944E-002
   1.2899986212999619        8.0036677075583193E-002
   1.3199985892371704        9.8075023979455167E-002
   1.3499985571743789       0.11976256048549325     
   1.3799985251115872       0.14552327094192480     
   1.4099984930487957       0.17577277977536673     
   1.4399984609860041       0.21091169188497386     
   1.4699984289232124       0.25132087931742869     
   1.4999983968604209       0.29735993076692002     
   1.5299983647976294       0.34937018608032039     
   1.5599983327348377       0.40768390563790335     
   1.5899983006720462       0.47264110546857402     
   1.6199982686092544       0.54461532842424221     
   1.6499982365464629       0.62404900437986310     
   1.6799982044836714       0.71149796596021520     
   1.7099981724208797       0.80768306654320210     
   1.7399981403580882       0.91354473957217464     
   1.7699981082952967        1.0302939581084476     
   1.7999980762325050        1.1594508202643088     
   1.8299980441697135        1.3028604993139292     
   1.8599980121069219        1.4626762377763562     
   1.8899979800441302        1.6413010222384357     
   1.9199979479813387        1.8412838352139549     
   1.9499979159185472        2.0651727283581813     
   1.9799978838557555        2.3153345838007038     
   2.0099978517929640        2.5937589649137274     
   2.0399978197301722        2.9018692251235958     
   2.0699977876673810        3.2403664264917751     
   2.0999977556045892        3.6091295052884678     
   2.1299977235417975        4.0071882785840378     
   2.1599976914790062        4.4327751585535928     
   2.1899976594162145        4.8834486758942548     
   2.2199976273534228        5.3562696095536264     
   2.2499975952906315        5.8480012817327562     
   2.2799975632278398        6.3553015108199267     
   2.3099975311650480        6.8748759278398603     
   2.3399974991022567        7.4035707006362470     
   2.3699974670394650        7.9383957960818297     
   2.3999974349766733        8.4764854476580496     
   2.4299974029138820        9.0150177446145090     
   2.4599973708510903        9.5511275469806627     
   2.4899973387882985        10.081854074369355     
   2.5199973067255073        10.604165088956096     
   2.5499972746627155        11.115093033989750     
   2.5799972425999238        11.612005102763172     
   2.6099972105371325        12.093010113444477     
   2.6399971784743408        12.557482109969712     
   2.6699971464115491        13.006656316165236     
   2.6999971143487578        13.444230480642476     
   2.7299970822859660        13.876887088796005     
   2.7599970502231743        14.314642628241248     
   2.7899970181603830        14.770931768530888     
   2.8199969860975913        15.262348604664131     
   2.8499969540347996        15.807994204434696     
   2.8799969219720083        16.428418069879726     
   2.9099968899092166        17.144187520478734     
   2.9399968578464248        17.974168662292310     
   2.9699968257836336        18.933649659112572     
   2.9999967937208418        20.032475091524844     
   3.0299967616580501        21.273383097120600     
   3.0599967295952588        22.650739561525931     
   3.0899966975324671        24.149842600843243     
   3.1199966654696754        25.746925421656965     
   3.1499966334068836        27.409919275550735     
   3.1799966013440923        29.099957244892146     
   3.2099965692813006        30.773513918643857     
   3.2399965372185089        32.384997693864491     
   3.2699965051557176        33.889553758401156     
   3.2999964730929259        35.245806956205243     
   3.3299964410301341        36.418280525454044     
   3.3599964089673429        37.379269006603423     
   3.3899963769045511        38.110015003816784     
   3.4199963448417594        38.601128258104737     
   3.4499963127789686        38.852277045020706     
   3.4799962807161764        38.871261769608303     
   3.5099962486533847        38.672637437973819     
   3.5399962165905934        38.276079314914533     
   3.5699961845278021        37.704684367599647     
   3.5999961524650099        36.983375072126911     
   3.6299961204022182        36.137530119488503     
   3.6599960883394269        35.191917676872052     
   3.6899960562766356        34.169959084568980     
   3.7199960242138439        33.093309648871390     
   3.7499959921510517        31.981711276719654     
   3.7799959600882604        30.853049794958984     
   3.8099959280254696        29.723537617117209     
   3.8399958959626774        28.607939573225938     
   3.8699958638998857        27.519766060142612     
   3.8999958318370944        26.471373018573967     
   3.9299957997743031        25.473931677452406     
   3.9599957677115110        24.537260175955719     
   3.9899957356487192        23.669540044399568     
   4.0199957035859279        22.876967814772136     
   4.0499956715231367        22.163410295918780     
   4.0799956394603445        21.530137111576465     
   4.1099956073975532        20.975694350715411     
   4.1399955753347619        20.495960277277096     
   4.1699955432719706        20.084392747617994     
   4.1999955112091785        19.732445096200646     
   4.2299954791463863        19.430099977891640     
   4.2599954470835950        19.166454804348717     
   4.2899954150208037        18.930290953304699     
   4.3199953829580124        18.710571315070446     
   4.3499953508952203        18.496833142833882     
   4.3799953188324290        18.279469560060086     
   4.4099952867696377        18.049916810932181     
   4.4399952547068455        17.800779857863262     
   4.4699952226440542        17.525933081963394     
   4.4999951905812630        17.220625537127582     
   4.5299951585184717        16.881604259624570     
   4.5599951264556795        16.507249382754186     
   4.5899950943928873        16.097696786201876     
   4.6199950623300960        15.654912538475191     
   4.6499950302673048        15.182681428690088     
   4.6799949982045135        14.686479941929948     
   4.7099949661417213        14.173220222835528     
   4.7399949340789300        13.650872230183733     
   4.7699949020161387        13.127991947837051     
   4.7999948699533466        12.613199979505014     
   4.8299948378905553        12.114664039697852     
   4.8599948058277640        11.639639319910799     
   4.8899947737649727        11.194112738079388     
   4.9199947417021805        10.782582398420946     
   4.9499947096393884        10.407984872443482     
   4.9799946775765971        10.071763213398997     
   5.0099946455138058        9.7740508603334977     
   5.0399946134510145        9.5139331938284357     
   5.0699945813882223        9.2897411537142016     
   5.0999945493254311        9.0993308384842635     
   5.1299945172626398        8.9403092892004477     
   5.1599944851998476        8.8101787353008501     
   5.1899944531370554        8.7063876483344043     
   5.2199944210742650        8.6262945727089750     
   5.2499943890114737        8.5670670903112320     
   5.2799943569486816        8.5255506935275918     
   5.3099943248858894        8.4981485788109925     
   5.3399942928230981        8.4807521907550640     
   5.3699942607603068        8.4687537868989349     
   5.3999942286975156        8.4571577622231118     
   5.4299941966347234        8.4407895408495559     
   5.4599941645719321        8.4145827857439119     
   5.4899941325091408        8.3739108358007162     
   5.5199941004463486        8.3149193839447033     
   5.5499940683835565        8.2348160209974761     
   5.5799940363207661        8.1320784689454850     
   5.6099940042579748        8.0065557236750706     
   5.6399939721951826        7.8594523846467910     
   5.6699939401323904        7.6932030453719085     
   5.6999939080695992        7.5112577108386063     
   5.7299938760068079        7.3178084485805446     
   5.7599938439440166        7.1174906531843058     
   5.7899938118812244        6.9150894985592775     
   5.8199937798184331        6.7152746512734192     
   5.8499937477556418        6.5223762484569336     
   5.8799937156928497        6.3402049753801668     
   5.9099936836300575        6.1719110865012530     
   5.9399936515672671        6.0198730144605133     
   5.9699936195044758        5.8856064496009797     
   5.9999935874416837        5.7696890226158182     
   6.0299935553788915        5.6717026043117365     
   6.0599935233161002        5.5902027193592208     
   6.0899934912533089        5.5227304134367969     
   6.1199934591905176        5.4658841502705551     
   6.1499934271277255        5.4154667069612623     
   6.1799933950649342        5.3667143870625571     
   6.2099933630021429        5.3146041462760669     
   6.2399933309393507        5.2542204266172545     
   6.2699932988765585        5.1811503002537247     
   6.2999932668137673        5.0918657571570138     
   6.3299932347509769        4.9840479963751116     
   6.3599932026881847        4.8568117653089224     
   6.3899931706253925        4.7107981505951333     
   6.4199931385626012        4.5481203524618303     
   6.4499931064998099        4.3721662833645549     
   6.4799930744370178        4.1872810528573163     
   6.5099930423742265        3.9983682417177526     
   6.5399930103114352        3.8104586738303201     
   6.5699929782486439        3.6282976608585531     
   6.5999929461858517        3.4559963290556435     
   6.6299929141230596        3.2967809103878976     
   6.6599928820602683        3.1528581027830289     
   6.6899928499974779        3.0253976178732547     
   6.7199928179346857        2.9146176371312396     
   6.7499927858718936        2.8199473361973331     
   6.7799927538091023        2.7402342651111429     
   6.8099927217463110        2.6739635160720958     
   6.8399926896835188        2.6194596501359388     
   6.8699926576207275        2.5750499631309793     
   6.8999926255579371        2.5391771448273426     
   6.9299925934951450        2.5104589831338529     
   6.9599925614323528        2.4877009978803999     
   6.9899925293695606        2.4698737161475690     
   7.0199924973067693        2.4560692219647096     
   7.0499924652439789        2.4454516578708638     
   7.0799924331811868        2.4372140008470629     
   7.1099924011183946        2.4305494663626530     
   7.1399923690556042        2.4246412447559398     
   7.1699923369928120        2.4186698598149592     
   7.1999923049300198        2.4118340131924638     
   7.2299922728672286        2.4033788205342290     
   7.2599922408044364        2.3926250047344575     
   7.2899922087416460        2.3789937067388478     
   7.3199921766788538        2.3620236535310521     
   7.3499921446160617        2.3413798767524989     
   7.3799921125532713        2.3168553753234580     
   7.4099920804904791        2.2883685527301449     
   7.4399920484276878        2.2559596525612666     
   7.4699920163648956        2.2197887610202289     
   7.4999919843021035        2.1801365017456154     
   7.5299919522393131        2.1374067605138078     
   7.5599919201765209        2.0921291553452077     
   7.5899918881137296        2.0449579574260839     
   7.6199918560509392        1.9966640446822694     
   7.6499918239881470        1.9481172756772556     
   7.6799917919253549        1.9002582183271777     
   7.7099917598625627        1.8540600935161904     
   7.7399917277997714        1.8104836590338018     
   7.7699916957369801        1.7704291581664320     
   7.7999916636741888        1.7346901103639569     
   7.8299916316113967        1.7039135317539940     
   7.8599915995486063        1.6785702327968834     
   7.8899915674858141        1.6589373894030444     
   7.9199915354230219        1.6450939388239905     
   7.9499915033602306        1.6369278230060123     
   7.9799914712974385        1.6341529252126741     
   8.0099914392346481        1.6363328418728780     
   8.0399914071718559        1.6429084058036354     
   8.0699913751090637        1.6532260474362508     
   8.0999913430462733        1.6665645260775996     
   8.1299913109834812        1.6821581691399761     
   8.1599912789206890        1.6992154461651050     
   8.1899912468578968        1.7169324405947457     
   8.2199912147951064        1.7345015527129370     
   8.2499911827323160        1.7511165498924257     
   8.2799911506695238        1.7659758141558000     
   8.3099911186067317        1.7782862096758141     
   8.3399910865439413        1.7872702541058376     
   8.3699910544811491        1.7921790789194274     
   8.3999910224183569        1.7923129119176702     
   8.4299909903555648        1.7870495228152932     
   8.4599909582927726        1.7758793893327192     
   8.4899909262299822        1.7584445452214703     
   8.5199908941671900        1.7345765255735905     
   8.5499908621043978        1.7043278968428366     
   8.5799908300416075        1.6679918320950085     
   8.6099907979788171        1.6261051836553500     
   8.6399907659160249        1.5794324224132181     
   8.6699907338532327        1.5289303561661027     
   8.6999907017904405        1.4756962589615306     
   8.7299906697276501        1.4209044353207929     
   8.7599906376648580        1.3657378604543005     
   8.7899906056020658        1.3113220894071518     
   8.8199905735392754        1.2586680420247631     
   8.8499905414764832        1.2086287019823734     
   8.8799905094136911        1.1618725563122501     
   8.9099904773508989        1.1188741868073648     
   8.9399904452881085        1.0799202458056969     
   8.9699904132253181        1.0451274525271672     
   8.9999903811625259        1.0144684230851795     
   9.0299903490997337       0.98780111210421084     
   9.0599903170369434       0.96489825665899454     
   9.0899902849741512       0.94547423311321355     
   9.1199902529113590       0.92920789053301645     
   9.1499902208485668       0.91576096806043739     
   9.1799901887857747       0.90479247197397605     
   9.2099901567229843       0.89596981071538384     
   9.2399901246601921       0.88897758077283195     
   9.2699900925973999       0.88352474271096559     
   9.2999900605346095       0.87935063184010831     
   9.3299900284718191       0.87622991459580468     
   9.3599899964090270       0.87397630704505525     
   9.3899899643462348       0.87244466166856804     
   9.4199899322834426       0.87153092213407568     
   9.4499899002206522       0.87116944843822985     
   9.4799898681578600       0.87132732881221520     
   9.5099898360950679       0.87199552391214519     
   9.5399898040322775       0.87317703368490485     
   9.5699897719694853       0.87487272369698288     
   9.5999897399066931       0.87706595337842652     
   9.6299897078439010       0.87970763598923896     
   9.6599896757811106       0.88270372109557727     
   9.6899896437183184       0.88590720575054682     
   9.7199896116555280       0.88911655104175591     
   9.7499895795927358       0.89208176127908267     
   9.7799895475299454       0.89451841071454474     
   9.8099895154671533       0.89612870550155266     
   9.8399894834043611       0.89662745145930289     
   9.8699894513415689       0.89576980401763762     
   9.8999894192787767       0.89337713167578758     
   9.9299893872159863       0.88935738049245727     
   9.9599893551531942       0.88371701818109805     
   9.9899893230904020       0.87656285969401171     
   10.019989291027612       0.86809360836749705     
   10.049989258964819       0.85858249046041135     
   10.079989226902029       0.84835361234688100     
   10.109989194839237       0.83775538918908099     
   10.139989162776445       0.82713446267348745     
   10.169989130713654       0.81681297164410249     
   10.199989098650862       0.80707102880422432     
   10.229989066588070       0.79813504815937186     
   10.259989034525280       0.79017144814858209     
   10.289989002462487       0.78328446803875018     
   10.319988970399695       0.77751652380578484     
   10.349988938336903       0.77284970909849537     
   10.379988906274111       0.76920760765108043     
   10.409988874211320       0.76645732814006018     
   10.439988842148530       0.76441237083135471     
   10.469988810085738       0.76283738452937599     
   10.499988778022947       0.76145594529322047     
   10.529988745960155       0.75996216018484186     
   10.559988713897363       0.75803624652922574     
   10.589988681834571       0.75536341333467083     
   10.619988649771779       0.75165456703446087     
   10.649988617708988       0.74666676112343777     
   10.679988585646196       0.74022104449568160     
   10.709988553583404       0.73221550022225057     
   10.739988521520614       0.72263178840317399     
   10.769988489457822       0.71153432393478377     
   10.799988457395031       0.69906219056170904     
   10.829988425332239       0.68541485046350470     
   10.859988393269447       0.67083349460025121     
   10.889988361206656       0.65558036838911460     
   10.919988329143864       0.63991853047367664     
   10.949988297081072       0.62409425535093099     
   10.979988265018282       0.60832373329840772     
   11.009988232955489       0.59278496398219549     
   11.039988200892697       0.57761492239876644     
   11.069988168829905       0.56291133802666748     
   11.099988136767113       0.54873788619974695     
   11.129988104704323       0.53513131594712071     
   11.159988072641532       0.52210904717067330     
   11.189988040578740       0.50967602488070440     
   11.219988008515950       0.49783004051318464     
   11.249987976453157       0.48656521867115743     
   11.279987944390365       0.47587381936816509     
   11.309987912327573       0.46574683679697459     
   11.339987880264781       0.45617403415101898     
   11.369987848201990       0.44714402784041984     
   11.399987816139198       0.43864484991011837     
   11.429987784076406       0.43066513193045164     
   11.459987752013616       0.42319574276775102     
   11.489987719950824       0.41623145488692953     
   11.519987687888033       0.40977207440157887     
   11.549987655825241       0.40382248728213577     
   11.579987623762449       0.39839125062057446     
   11.609987591699658       0.39348765894097038     
   11.639987559636866       0.38911757552509302     
   11.669987527574074       0.38527865452723409     
   11.699987495511284       0.38195580936008994     
   11.729987463448492       0.37911784492512973     
   11.759987431385699       0.37671604002949949     
   11.789987399322907       0.37468515940905600     
   11.819987367260115       0.37294695054917604     
   11.849987335197325       0.37141572567935016     
   11.879987303134534       0.37000523952551040     
   11.909987271071742       0.36863583134980715     
   11.939987239008952       0.36724075646470206     
   11.969987206946159       0.36577079565159959     
   11.999987174883367       0.36419656427769309     
   12.029987142820575       0.36250837453286028     
   12.059987110757783       0.36071394361180459     
   12.089987078694993       0.35883459906780446     
   12.119987046632200       0.35690084196038779     
   12.149987014569408       0.35494815501922866     
   12.179986982506618       0.35301379234876834     
   12.209986950443826       0.35113500013975552     
   12.239986918381035       0.34934875964059864     
   12.269986886318243       0.34769278846637902     
   12.299986854255451       0.34620725184056855     
   12.329986822192661       0.34493647038299885     
   12.359986790129868       0.34392988867331614     
   12.389986758067076       0.34324168555495504     
   12.419986726004286       0.34292863710591220     
   12.449986693941494       0.34304614529146510     
   12.479986661878701       0.34364267129470805     
   12.509986629815909       0.34475311423563654     
   12.539986597753117       0.34639191087801918     
   12.569986565690327       0.34854676687357400     
   12.599986533627535       0.35117394414444358     
   12.629986501564744       0.35419591541425094     
   12.659986469501954       0.35750196463937101     
   12.689986437439162       0.36095198631466729     
   12.719986405376369       0.36438335722051018     
   12.749986373313577       0.36762037172005185     
   12.779986341250785       0.37048540068387281     
   12.809986309187995       0.37281070413473472     
   12.839986277125202       0.37444973448330804     
   12.869986245062410       0.37528682534345303     
   12.899986212999620       0.37524436036781150     
   12.929986180936828       0.37428682423582610     
   12.959986148874036       0.37242150403033714     
   12.989986116811245       0.36969597706203261     
   13.019986084748453       0.36619283825743681     
   13.049986052685663       0.36202234789130638     
   13.079986020622870       0.35731379997420648     
   13.109985988560078       0.35220642526567897     
   13.139985956497288       0.34684057026739418     
   13.169985924434496       0.34134976437461167     
   13.199985892371703       0.33585413289594879     
   13.229985860308911       0.33045545914729330     
   13.259985828246119       0.32523405893029139     
   13.289985796183329       0.32024750880330660     
   13.319985764120537       0.31553116084366306     
   13.349985732057746       0.31110027357543529     
   13.379985699994956       0.30695348702359282     
   13.409985667932164       0.30307727234360277     
   13.439985635869371       0.29945090426085824     
   13.469985603806579       0.29605145426560697     
   13.499985571743787       0.29285830087577425     
   13.529985539680997       0.28985671074278535     
   13.559985507618205       0.28704015999181265     
   13.589985475555412       0.28441122474730529     
   13.619985443492622       0.28198104806594743     
   13.649985411429828       0.27976755717370544     
   13.679985379367038       0.27779273248744613     
   13.709985347304247       0.27607930107101325     
   13.739985315241455       0.27464723911763195     
   13.769985283178665       0.27351043227180871     
   13.799985251115874       0.27267378013965310     
   13.829985219053080       0.27213096492832378     
   13.859985186990290       0.27186305007072520     
   13.889985154927496       0.27183803711191851     
   13.919985122864706       0.27201147922774510     
   13.949985090801915       0.27232820994998025     
   13.979985058739121       0.27272517782050471     
   14.009985026676331       0.27313527216110606     
   14.039984994613539       0.27349188760491977     
   14.069984962550748       0.27373382814151331     
   14.099984930487958       0.27381003028607975     
   14.129984898425164       0.27368352749130331     
   14.159984866362374       0.27333411285119213     
   14.189984834299583       0.27275929380510727     
   14.219984802236789       0.27197335549987173     
   14.249984770173999       0.27100462030727862     
   14.279984738111208       0.26989125698887201     
   14.309984706048414       0.26867620019928851     
   14.339984673985624       0.26740184809202572     
   14.369984641922830       0.26610519455961007     
   14.399984609860040       0.26481393231735673     
   14.429984577797249       0.26354386705034605     
   14.459984545734457       0.26229775928311733     
   14.489984513671667       0.26106550921746330     
   14.519984481608873       0.25982545902444421     
   14.549984449546082       0.25854652519372995     
   14.579984417483292       0.25719088545836954     
   14.609984385420498       0.25571700573347445     
   14.639984353357708       0.25408286679186537     
   14.669984321294917       0.25224930299012632     
   14.699984289232123       0.25018337248118777     
   14.729984257169333       0.24786163452784554     
   14.759984225106543       0.24527312906546819     
   14.789984193043750       0.24242176631659396     
   14.819984160980958       0.23932777647067546     
   14.849984128918166       0.23602787354498320     
   14.879984096855376       0.23257387199017845     
   14.909984064792585       0.22902965781837997     
   14.939984032729791       0.22546663550911020     
   14.969984000667001       0.22195800882493147     
   14.999983968604207       0.21857246151530815     
   15.029983936541417       0.21536793945450139     
   15.059983904478626       0.21238626894924786     
   15.089983872415832       0.20964926659244834     
   15.119983840353042       0.20715681593211585     
   15.149983808290251       0.20488713617837392     
   15.179983776227459       0.20279919097265492     
   15.209983744164669       0.20083692644557513     
   15.239983712101878       0.19893482657952916     
   15.269983680039084       0.19702415608089699     
   15.299983647976294       0.19503923547601243     
   15.329983615913500       0.19292315236543894     
   15.359983583850710       0.19063243624967333     
   15.389983551787919       0.18814038452795703     
   15.419983519725125       0.18543889577713485     
   15.449983487662335       0.18253881930720078     
   15.479983455599543       0.17946895116938610     
   15.509983423536751       0.17627388908345745     
   15.539983391473960       0.17301100292053526     
   15.569983359411168       0.16974678979393198     
   15.599983327348378       0.16655287258926782     
   15.629983295285587       0.16350187719768366     
   15.659983263222793       0.16066339449375888     
   15.689983231160003       0.15810020350681200     
   15.719983199097213       0.15586490515161072     
   15.749983167034419       0.15399709226698088     
   15.779983134971628       0.15252116115843953     
   15.809983102908834       0.15144485102092475     
   15.839983070846044       0.15075857848693722     
   15.869983038783253       0.15043561251361254     
   15.899983006720461       0.15043310708339630     
   15.929982974657671       0.15069397338218857     
   15.959982942594877       0.15114952827702008     
   15.989982910532087       0.15172280349678072     
   16.019982878469296       0.15233234443206875     
   16.049982846406504       0.15289627632118383     
   16.079982814343712       0.15333637792813906     
   16.109982782280920       0.15358188750299775     
   16.139982750218127       0.15357277900254579     
   16.169982718155339       0.15326228965109820     
   16.199982686092547       0.15261854863575580     
   16.229982654029754       0.15162524159152574     
   16.259982621966962       0.15028133391790710     
   16.289982589904170       0.14859995502429202     
   16.319982557841378       0.14660660519458049     
   16.349982525778589       0.14433688156959912     
   16.379982493715794       0.14183392986768167     
   16.409982461653005       0.13914581845138399     
   16.439982429590213       0.13632300809876363     
   16.469982397527421       0.13341606113385923     
   16.499982365464632       0.13047370213018966     
   16.529982333401836       0.12754131103259880     
   16.559982301339048       0.12465989757914281     
   16.589982269276256       0.12186557159240845     
   16.619982237213463       0.11918948593613801     
   16.649982205150671       0.11665818859871473     
   16.679982173087883       0.11429428090028024     
   16.709982141025087       0.11211724569341931     
   16.739982108962298       0.11014428885011263     
   16.769982076899506       0.10839103461292614     
   16.799982044836714       0.10687193347569242     
   16.829982012773922       0.10560027980981354     
   16.859981980711130       0.10458779169328750     
   16.889981948648341       0.10384377066107989     
   16.919981916585545       0.10337392583403618     
   16.949981884522757       0.10317900592305790     
   16.979981852459964       0.10325342538047597     
   17.009981820397172       0.10358409064183789     
   17.039981788334380       0.10414962478935484     
   17.069981756271591       0.10492015327685145     
   17.099981724208796       0.10585775261918252     
   17.129981692146007       0.10691758508051701     
   17.159981660083215       0.10804965568864545     
   17.189981628020423       0.10920104586880588     
   17.219981595957634       0.11031841355912930     
   17.249981563894838       0.11135051395198760     
   17.279981531832050       0.11225049502687405     
   17.309981499769258       0.11297775896009483     
   17.339981467706465       0.11349924881561543     
   17.369981435643673       0.11379010801924998     
   17.399981403580881       0.11383375216349538     
   17.429981371518089       0.11362147163067850     
   17.459981339455300       0.11315173456337059     
   17.489981307392505       0.11242937351968342     
   17.519981275329716       0.11146481403335533     
   17.549981243266924       0.11027344580157582     
   17.579981211204132       0.10887516094677414     
   17.609981179141343       0.10729400660360673     
   17.639981147078551       0.10555783926349695     
   17.669981115015759       0.10369784054260653     
   17.699981082952966       0.10174776601027315     
   17.729981050890174        9.9742849199042360E-002
   17.759981018827382        9.7718361797250700E-002
   17.789980986764593        9.5707921300913310E-002
   17.819980954701798        9.3741718801237758E-002
   17.849980922639009        9.1844893000587471E-002
   17.879980890576217        9.0036288313780535E-002
   17.909980858513425        8.8327799921290071E-002
   17.939980826450636        8.6724431610850736E-002
   17.969980794387840        8.5225086774438144E-002
   17.999980762325052        8.3823998606065181E-002
   18.029980730262260        8.2512603768317080E-002
   18.059980698199467        8.1281593292227908E-002
   18.089980666136675        8.0122847578308606E-002
   18.119980634073887        7.9030982832963295E-002
   18.149980602011091        7.8004299062862728E-002
   18.179980569948302        7.7045012644256200E-002
   18.209980537885507        7.6158763021820022E-002
   18.239980505822718        7.5353485990897057E-002
   18.269980473759926        7.4637830290634491E-002
   18.299980441697134        7.4019349374694357E-002
   18.329980409634345        7.3502721181066349E-002
   18.359980377571549        7.3088235753527117E-002
   18.389980345508761        7.2770748291156886E-002
   18.419980313445969        7.2539231252175651E-002
   18.449980281383176        7.2376982792510675E-002
   18.479980249320384        7.2262469806659929E-002
   18.509980217257596        7.2170711362423756E-002
   18.539980185194800        7.2075050255817966E-002
   18.569980153132011        7.1949122611799754E-002
   18.599980121069219        7.1768821186593765E-002
   18.629980089006427        7.1514057614839838E-002
   18.659980056943638        7.1170159662674745E-002
   18.689980024880843        7.0728786435783494E-002
   18.719979992818054        7.0188300593380618E-002
   18.749979960755262        6.9553594500579630E-002
   18.779979928692470        6.8835420062721447E-002
   18.809979896629677        6.8049314412444092E-002
   18.839979864566885        6.7214242437606903E-002
   18.869979832504093        6.6351091287655123E-002
   18.899979800441304        6.5481152264934075E-002
   18.929979768378509        6.4624713963855218E-002
   18.959979736315720        6.3799869902429598E-002
   18.989979704252928        6.3021617103737243E-002
   19.019979672190136        6.2301291891468283E-002
   19.049979640127347        6.1646358051856545E-002
   19.079979608064555        6.1060532683987596E-002
   19.109979576001763        6.0544208442821615E-002
   19.139979543938971        6.0095109125716008E-002
   19.169979511876178        5.9709099972651829E-002
   19.199979479813386        5.9381065513776733E-002
   19.229979447750598        5.9105766654187201E-002
   19.259979415687802        5.8878594730167703E-002
   19.289979383625013        5.8696152789624298E-002
   19.319979351562221        5.8556612229210693E-002
   19.349979319499429        5.8459814790655408E-002
   19.379979287436637        5.8407114270374441E-002
   19.409979255373845        5.8400977543883681E-002
   19.439979223311056        5.8444388973123422E-002
   19.469979191248264        5.8540124120697680E-002
   19.499979159185472        5.8689975910185474E-002
   19.529979127122679        5.8894026762919958E-002
   19.559979095059891        5.9150061681877288E-002
   19.589979062997095        5.9453208059738361E-002
   19.619979030934307        5.9795867434992531E-002
   19.649978998871511        6.0167973248546079E-002
   19.679978966808722        6.0557569404919034E-002
   19.709978934745930        6.0951661449839337E-002
   19.739978902683138        6.1337251119662671E-002
   19.769978870620349        6.1702432067593585E-002
   19.799978838557553        6.2037405276841942E-002
   19.829978806494765        6.2335270855374977E-002
   19.859978774431973        6.2592469856387348E-002
   19.889978742369181        6.2808783936222426E-002
   19.919978710306388        6.2986847977659924E-002
   19.949978678243600        6.3131185501726264E-002
   19.979978646180804        6.3246832390963459E-002
