   0.0000000000000000        13.722266508004962     
   2.9999967937208417E-002   13.720312672135149     
   5.9999935874416835E-002   13.722290065056733     
   8.9999903811625259E-002   13.725907992717914     
  0.11999987174883367        13.732301857118371     
  0.14999983968604208        13.740275105180132     
  0.17999980762325052        13.750751951990015     
  0.20999977556045893        13.762914142234425     
  0.23999974349766734        13.777482996276472     
  0.26999971143487578        13.793885576968547     
  0.29999967937208416        13.812650316644762     
  0.32999964730929260        13.833409999788861     
  0.35999961524650104        13.856520519892818     
  0.38999958318370942        13.881781461145971     
  0.41999955112091786        13.909414608692934     
  0.44999951905812624        13.939335238567534     
  0.47999948699533468        13.971685821254496     
  0.50999945493254306        14.006434466202734     
  0.53999942286975156        14.043710607555493     
  0.56999939080695994        14.083465692287344     
  0.59999935874416832        14.125887202200900     
  0.62999932668137681        14.170843645941913     
  0.65999929461858520        14.218646649847049     
  0.68999926255579358        14.269032947821787     
  0.71999923049300207        14.322486777367963     
  0.74999919843021046        14.378595171146848     
  0.77999916636741884        14.438035469390904     
  0.80999913430462722        14.500260868158955     
  0.83999910224183572        14.566135878617061     
  0.86999907017904410        14.635011417055340     
  0.89999903811625248        14.707929874619486     
  0.92999900605346097        14.784143043934828     
  0.95999897399066936        14.864906868872611     
  0.98999894192787774        14.949283148606348     
   1.0199989098650861        15.038889730628513     
   1.0499988778022946        15.132339937741083     
   1.0799988457395031        15.231947018240195     
   1.1099988136767114        15.335385997385730     
   1.1399987816139199        15.446243186829481     
   1.1699987495511284        15.560495861189704     
   1.1999987174883366        15.683855681358692     
   1.2299986854255451        15.809569278754299     
   1.2599986533627536        15.946594747086021     
   1.2899986212999619        16.084174881448938     
   1.3199985892371704        16.235861757703930     
   1.3499985571743789        16.385448910046996     
   1.3799985251115872        16.552582700850579     
   1.4099984930487957        16.714086078490830     
   1.4399984609860041        16.897258074599957     
   1.4699984289232124        17.070461785297859     
   1.4999983968604209        17.270170159943085     
   1.5299983647976294        17.454913577964334     
   1.5599983327348377        17.671765048587911     
   1.5899983006720462        17.868166209819115     
   1.6199982686092544        18.103158991199791     
   1.6499982365464629        18.311791994105469     
   1.6799982044836714        18.566591912710148     
   1.7099981724208797        18.788455286634250     
   1.7399981403580882        19.065479177921855     
   1.7699981082952967        19.301543999138936     
   1.7999980762325050        19.603585783364483     
   1.8299980441697135        19.853776510647567     
   1.8599980121069219        20.182958028229887     
   1.8899979800441302        20.444679610656063     
   1.9199979479813387        20.800788077641087     
   1.9499979159185472        21.067529690846609     
   1.9799978838557555        21.446280713769376     
   2.0099978517929640        21.707141801137791     
   2.0399978197301722        22.099294735916221     
   2.0699977876673810        22.340128097233833     
   2.0999977556045892        22.732269029197312     
   2.1299977235417975        22.938384532857061     
   2.1599976914790062        23.315422440355174     
   2.1899976594162145        23.474820658936125     
   2.2199976273534228        23.823207169213287     
   2.2499975952906315        23.928848667239343     
   2.2799975632278398        24.239004313377691     
   2.3099975311650480        24.289164358307012     
   2.3399974991022567        24.556103652070156     
   2.3699974670394650        24.553154269116881     
   2.3999974349766733        24.775602752333832     
   2.4299974029138820        24.724690023827602     
   2.4599973708510903        24.904163962464409     
   2.4899973387882985        24.813324263414426     
   2.5199973067255073        24.954790562288153     
   2.5499972746627155        24.836882925118772     
   2.5799972425999238        24.951481000584540     
   2.6099972105371325        24.826522038214410     
   2.6399971784743408        24.934954076526797     
   2.6699971464115491        24.830071689002757     
   2.6999971143487578        24.963676710432214     
   2.7299970822859660        24.907905441778777     
   2.7599970502231743        25.104169125755718     
   2.7899970181603830        25.117130293989579     
   2.8199969860975913        25.408052560607924     
   2.8499969540347996        25.484794995557063     
   2.8799969219720083        25.879895291448257     
   2.9099968899092166        25.977504644560732     
   2.9399968578464248        26.447023050989955     
   2.9699968257836336        26.480215468399475     
   2.9999967937208418        26.946329555995828     
   3.0299967616580501        26.797653249351693     
   3.0599967295952588        27.140541516606170     
   3.0899966975324671        26.685817779340336     
   3.1199966654696754        26.766644977790499     
   3.1499966334068836        25.909477495053267     
   3.1799966013440923        25.605239430844254     
   3.2099965692813006        24.308910471095611     
   3.2399965372185089        23.547726443710665     
   3.2699965051557176        21.851908654689456     
   3.2999964730929259        20.635458474141338     
   3.3299964410301341        18.650392047165855     
   3.3599964089673429        17.054671360620450     
   3.3899963769045511        14.934819106731629     
   3.4199963448417594        13.089523199517696     
   3.4499963127789686        10.997313038940852     
   3.4799962807161764        9.0530720112540237     
   3.5099962486533847        7.1263671088454430     
   3.5399962165905934        5.2228080951593521     
   3.5699961845278021        3.5559504155889150     
   3.5999961524650099        1.8006693119324928     
   3.6299961204022182       0.44137178211903272     
   3.6599960883394269       -1.0969052666754986     
   3.6899960562766356       -2.1391737930308081     
   3.7199960242138439       -3.4262776832172595     
   3.7499959921510517       -4.1675472961297393     
   3.7799959600882604       -5.1944895080802995     
   3.8099959280254696       -5.6653248386471953     
   3.8399958959626774       -6.4395929788830761     
   3.8699958638998857       -6.6790077171323912     
   3.8999958318370944       -7.2198064518269298     
   3.9299957997743031       -7.2737241493898246     
   3.9599957677115110       -7.6112221493388290     
   3.9899957356487192       -7.5325706034636504     
   4.0199957035859279       -7.7085148180850673     
   4.0499956715231367       -7.5553830393476318     
   4.0799956394603445       -7.6215631624958835     
   4.1099956073975532       -7.4515694709356541     
   4.1399955753347619       -7.4642027504826505     
   4.1699955432719706       -7.3263126835028203     
   4.1999955112091785       -7.3374907953998232     
   4.2299954791463863       -7.2647615342854586     
   4.2599954470835950       -7.3143795492413002     
   4.2899954150208037       -7.3207719301682452     
   4.3199953829580124       -7.4320958112496953     
   4.3499953508952203       -7.5139605162270993     
   4.3799953188324290       -7.6935610900132758     
   4.4099952867696377       -7.8338591958274542     
   4.4399952547068455       -8.0742066926974285     
   4.4699952226440542       -8.2469674579717207     
   4.4999951905812630       -8.5294773700000288     
   4.5299951585184717       -8.7034850646415958     
   4.5599951264556795       -9.0012467581001889     
   4.5899950943928873       -9.1437393725083673     
   4.6199950623300960       -9.4248269253392767     
   4.6499950302673048       -9.5063063450847007     
   4.6799949982045135       -9.7387644205251078     
   4.7099949661417213       -9.7386618135227785     
   4.7399949340789300       -9.8968290792597422     
   4.7699949020161387       -9.8081263214332939     
   4.7999948699533466       -9.8782755490960472     
   4.8299948378905553       -9.7088284128032392     
   4.8599948058277640       -9.6916983673213881     
   4.8899947737649727       -9.4613429130624649     
   4.9199947417021805       -9.3704138895925055     
   4.9499947096393884       -9.1050170904907102     
   4.9799946775765971       -8.9614482651365002     
   5.0099946455138058       -8.6864909547811191     
   5.0399946134510145       -8.5131495001687085     
   5.0699945813882223       -8.2493793638361304     
   5.0999945493254311       -8.0665019880331208     
   5.1299945172626398       -7.8288091828977819     
   5.1599944851998476       -7.6525961227817429     
   5.1899944531370554       -7.4514058883578898     
   5.2199944210742650       -7.2950304053612509     
   5.2499943890114737       -7.1382300814352693     
   5.2799943569486816       -7.0133994154726071     
   5.3099943248858894       -6.9068358163834374     
   5.3399942928230981       -6.8239454347650312     
   5.3699942607603068       -6.7698188337817733     
   5.3999942286975156       -6.7359598676100392     
   5.4299941966347234       -6.7301813553082024     
   5.4599941645719321       -6.7460082129366876     
   5.4899941325091408       -6.7766112210419331     
   5.5199941004463486       -6.8341691892215266     
   5.5499940683835565       -6.8824504518470562     
   5.5799940363207661       -6.9657329489935247     
   5.6099940042579748       -7.0102191249337302     
   5.6399939721951826       -7.0987014875951537     
   5.6699939401323904       -7.1203922459322317     
   5.6999939080695992       -7.1941410685624572     
   5.7299938760068079       -7.1808632968801245     
   5.7599938439440166       -7.2251380285729976     
   5.7899938118812244       -7.1735468606307649     
   5.8199937798184331       -7.1814047320628465     
   5.8499937477556418       -7.0965260631284828     
   5.8799937156928497       -7.0691959955642574     
   5.9099936836300575       -6.9624103072790202     
   5.9399936515672671       -6.9081437073109120     
   5.9699936195044758       -6.7945943010540235     
   5.9999935874416837       -6.7267769719356387     
   6.0299935553788915       -6.6225873273508480     
   6.0599935233161002       -6.5573370526679851     
   6.0899934912533089       -6.4764967205787718     
   6.1199934591905176       -6.4295137285473940     
   6.1499934271277255       -6.3804427979792759     
   6.1799933950649342       -6.3631193691883023     
   6.2099933630021429       -6.3456839257043498     
   6.2399933309393507       -6.3613429226245861     
   6.2699932988765585       -6.3657596811568373     
   6.2999932668137673       -6.4076501937368588     
   6.3299932347509769       -6.4164965464992152     
   6.3599932026881847       -6.4690031580177729     
   6.3899931706253925       -6.4622588071239493     
   6.4199931385626012       -6.5054714712448236     
   6.4499931064998099       -6.4668545365689534     
   6.4799930744370178       -6.4828916727559571     
   6.5099930423742265       -6.4048432306069216     
   6.5399930103114352       -6.3832747495585078     
   6.5699929782486439       -6.2684994931199558     
   6.5999929461858517       -6.2086309779738249     
   6.6299929141230596       -6.0678346457866228     
   6.6599928820602683       -5.9772542306746725     
   6.6899928499974779       -5.8245495756645038     
   6.7199928179346857       -5.7151628032359554     
   6.7499927858718936       -5.5634628456464519     
   6.7799927538091023       -5.4471735234407248     
   6.8099927217463110       -5.3054064173633915     
   6.8399926896835188       -5.1912595862856552     
   6.8699926576207275       -5.0639356393990695     
   6.8999926255579371       -4.9573663121820823     
   6.9299925934951450       -4.8457941615626305     
   6.9599925614323528       -4.7494516989096489     
   6.9899925293695606       -4.6533782442050358     
   7.0199924973067693       -4.5684462440842468     
   7.0499924652439789       -4.4871596637238662     
   7.0799924331811868       -4.4142749177487577     
   7.1099924011183946       -4.3468823797722580     
   7.1399923690556042       -4.2863483738173214     
   7.1699923369928120       -4.2315255680260764     
   7.1999923049300198       -4.1830594724445520     
   7.2299922728672286       -4.1387663748732155     
   7.2599922408044364       -4.1012171305480098     
   7.2899922087416460       -4.0646942758682005     
   7.3199921766788538       -4.0360161241385413     
   7.3499921446160617       -4.0040573480797228     
   7.3799921125532713       -3.9815351549571680     
   7.4099920804904791       -3.9508408237280541     
   7.4399920484276878       -3.9313911619451858     
   7.4699920163648956       -3.8988442670224552     
   7.4999919843021035       -3.8792590852124436     
   7.5299919522393131       -3.8421329869919543     
   7.5599919201765209       -3.8192916747660117     
   7.5899918881137296       -3.7755026843694708     
   7.6199918560509392       -3.7466705745284319     
   7.6499918239881470       -3.6951288443895116     
   7.6799917919253549       -3.6583905261469276     
   7.7099917598625627       -3.5993448688239473     
   7.7399917277997714       -3.5540577639933923     
   7.7699916957369801       -3.4892313580020868     
   7.7999916636741888       -3.4362838228755468     
   7.8299916316113967       -3.3686565839350511     
   7.8599915995486063       -3.3103702312018015     
   7.8899915674858141       -3.2436374194502200     
   7.9199915354230219       -3.1833232985786939     
   7.9499915033602306       -3.1212166602602327     
   7.9799914712974385       -3.0625521409805030     
   8.0099914392346481       -3.0082479087639511     
   8.0399914071718559       -2.9546881844001422     
   8.0699913751090637       -2.9104460792748745     
   8.0999913430462733       -2.8648195075505103     
   8.1299913109834812       -2.8318727465199998     
   8.1599912789206890       -2.7961981984371542     
   8.1899912468578968       -2.7748175120328726     
   8.2199912147951064       -2.7502868363137645     
   8.2499911827323160       -2.7398984255947640     
   8.2799911506695238       -2.7269141854435701     
   8.3099911186067317       -2.7261626466311295     
   8.3399910865439413       -2.7243195316946691     
   8.3699910544811491       -2.7310326124007802     
   8.3999910224183569       -2.7389920949106443     
   8.4299909903555648       -2.7501137036971861     
   8.4599909582927726       -2.7654387230925730     
   8.4899909262299822       -2.7770960670549254     
   8.5199908941671900       -2.7962260158675858     
   8.5499908621043978       -2.8041003143342591     
   8.5799908300416075       -2.8226599681824678     
   8.6099907979788171       -2.8226916392437160     
   8.6399907659160249       -2.8361877436251417     
   8.6699907338532327       -2.8254278248846956     
   8.6999907017904405       -2.8301559803409009     
   8.7299906697276501       -2.8074255139499615     
   8.7599906376648580       -2.8012430635189189     
   8.7899906056020658       -2.7673058912927959     
   8.8199905735392754       -2.7499542516555691     
   8.8499905414764832       -2.7071351653465618     
   8.8799905094136911       -2.6800108414268879     
   8.9099904773508989       -2.6314531248355637     
   8.9399904452881085       -2.5969868184353730     
   8.9699904132253181       -2.5458734046645373     
   8.9999903811625259       -2.5068158550463622     
   9.0299903490997337       -2.4558169638469649     
   9.0599903170369434       -2.4146869325210352     
   9.0899902849741512       -2.3657216366349960     
   9.1199902529113590       -2.3245160023573765     
   9.1499902208485668       -2.2787585316528904     
   9.1799901887857747       -2.2388804512506302     
   9.2099901567229843       -2.1968857678463340     
   9.2399901246601921       -2.1591910459659287     
   9.2699900925973999       -2.1210480290163023     
   9.2999900605346095       -2.0859347821171790     
   9.3299900284718191       -2.0514164717020931     
   9.3599899964090270       -2.0189337205111082     
   9.3899899643462348       -1.9876503466619209     
   9.4199899322834426       -1.9576312214151081     
   9.4499899002206522       -1.9291908138789098     
   9.4799898681578600       -1.9014135332320499     
   9.5099898360950679       -1.8755716075116853     
   9.5399898040322775       -1.8499270793282538     
   9.5699897719694853       -1.8266810611916320     
   9.5999897399066931       -1.8032963575445162     
   9.6299897078439010       -1.7828702491833428     
   9.6599896757811106       -1.7621217366209021     
   9.6899896437183184       -1.7448100129160400     
   9.7199896116555280       -1.7271812813774550     
   9.7499895795927358       -1.7130848189294161     
   9.7799895475299454       -1.6988930043394164     
   9.8099895154671533       -1.6876588682685076     
   9.8399894834043611       -1.6767620307559787     
   9.8699894513415689       -1.6674764558743167     
   9.8999894192787767       -1.6591222041327174     
   9.9299893872159863       -1.6504536519017843     
   9.9599893551531942       -1.6433816207209104     
   9.9899893230904020       -1.6339402980408719     
   10.019989291027612       -1.6267190182415119     
   10.049989258964819       -1.6154718337964762     
   10.079989226902029       -1.6069172581667273     
   10.109989194839237       -1.5934655195131184     
   10.139989162776445       -1.5829494005606026     
   10.169989130713654       -1.5675653633135633     
   10.199989098650862       -1.5551031760781044     
   10.229989066588070       -1.5385620224203040     
   10.259989034525280       -1.5247045225016684     
   10.289989002462487       -1.5080356667334058     
   10.319988970399695       -1.4936725146884089     
   10.349988938336903       -1.4779371318421153     
   10.379988906274111       -1.4641059271417030     
   10.409988874211320       -1.4502268531647373     
   10.439988842148530       -1.4379466799439555     
   10.469988810085738       -1.4265584669198450     
   10.499988778022947       -1.4166567924334510     
   10.529988745960155       -1.4079574612468395     
   10.559988713897363       -1.4008791602741146     
   10.589988681834571       -1.3945248195459974     
   10.619988649771779       -1.3901746253239602     
   10.649988617708988       -1.3852945614653418     
   10.679988585646196       -1.3830013543946293     
   10.709988553583404       -1.3783791425963434     
   10.739988521520614       -1.3770380301582921     
   10.769988489457822       -1.3714198195203893     
   10.799988457395031       -1.3697816400111194     
   10.829988425332239       -1.3621962730925148     
   10.859988393269447       -1.3591931469351257     
   10.889988361206656       -1.3491552410184666     
   10.919988329143864       -1.3441306024964401     
   10.949988297081072       -1.3316573975786103     
   10.979988265018282       -1.3244223108034312     
   11.009988232955489       -1.3098892272650806     
   11.039988200892697       -1.3006178559667321     
   11.069988168829905       -1.2845478374438244     
   11.099988136767113       -1.2735965306241384     
   11.129988104704323       -1.2564863463131433     
   11.159988072641532       -1.2442339502807322     
   11.189988040578740       -1.2264722459324870     
   11.219988008515950       -1.2132370264312735     
   11.249987976453157       -1.1951043045094258     
   11.279987944390365       -1.1811328395930767     
   11.309987912327573       -1.1628357741313464     
   11.339987880264781       -1.1483228954375941     
   11.369987848201990       -1.1300208882079783     
   11.399987816139198       -1.1151239599424487     
   11.429987784076406       -1.0969381764167845     
   11.459987752013616       -1.0817788255149949     
   11.489987719950824       -1.0638012187876593     
   11.519987687888033       -1.0484726056823721     
   11.549987655825241       -1.0307926352231922     
   11.579987623762449       -1.0153889360940460     
   11.609987591699658      -0.99813193466757877     
   11.639987559636866      -0.98279186606788027     
   11.669987527574074      -0.96613937345191347     
   11.699987495511284      -0.95107139885040737     
   11.729987463448492      -0.93523499755083206     
   11.759987431385699      -0.92069328730304667     
   11.789987399322907      -0.90584334757558116     
   11.819987367260115      -0.89205445256095017     
   11.849987335197325      -0.87824154220514705     
   11.879987303134534      -0.86531952548007385     
   11.909987271071742      -0.85243848351581364     
   11.939987239008952      -0.84033985047837434     
   11.969987206946159      -0.82816208521857870     
   11.999987174883367      -0.81670833621170935     
   12.029987142820575      -0.80496407369698941     
   12.059987110757783      -0.79391612958014668     
   12.089987078694993      -0.78237837001354604     
   12.119987046632200      -0.77151657850838062     
   12.149987014569408      -0.76004414558470756     
   12.179986982506618      -0.74921188780036130     
   12.209986950443826      -0.73774339952000445     
   12.239986918381035      -0.72684531078356196     
   12.269986886318243      -0.71537118534078625     
   12.299986854255451      -0.70435160671748820     
   12.329986822192661      -0.69290158829143200     
   12.359986790129868      -0.68173977054150625     
   12.389986758067076      -0.67040413101361107     
   12.419986726004286      -0.65914452973202509     
   12.449986693941494      -0.64811454132169555     
   12.479986661878701      -0.63691838375019039     
   12.509986629815909      -0.62650900547148392     
   12.539986597753117      -0.61568940878093170     
   12.569986565690327      -0.60630873313830014     
   12.599986533627535      -0.59631092393627672     
   12.629986501564744      -0.58836598202472068     
   12.659986469501954      -0.57967759321934387     
   12.689986437439162      -0.57344133739041681     
   12.719986405376369      -0.56645365535761938     
   12.749986373313577      -0.56194463404149197     
   12.779986341250785      -0.55681543870768690     
   12.809986309187995      -0.55374438646243695     
   12.839986277125202      -0.55031978427593176     
   12.869986245062410      -0.54813232080192997     
   12.899986212999620      -0.54596308541349248     
   12.929986180936828      -0.54396675769969560     
   12.959986148874036      -0.54241470735346731     
   12.989986116811245      -0.53994342864036415     
   13.019986084748453      -0.53833670093960562     
   13.049986052685663      -0.53489435321291756     
   13.079986020622870      -0.53267572154230525     
   13.109985988560078      -0.52801619167709024     
   13.139985956497288      -0.52483980574338962     
   13.169985924434496      -0.51897047246491090     
   13.199985892371703      -0.51472852016288018     
   13.229985860308911      -0.50785110807592870     
   13.259985828246119      -0.50263718057520679     
   13.289985796183329      -0.49505425988633300     
   13.319985764120537      -0.48908560810426671     
   13.349985732057746      -0.48110361373845145     
   13.379985699994956      -0.47463022640853580     
   13.409985667932164      -0.46648571893353163     
   13.439985635869371      -0.45971372202047212     
   13.469985603806579      -0.45154100894719917     
   13.499985571743787      -0.44459195500111681     
   13.529985539680997      -0.43643658908268379     
   13.559985507618205      -0.42935144129985359     
   13.589985475555412      -0.42121748651421842     
   13.619985443492622      -0.41399677000744184     
   13.649985411429828      -0.40590320944244773     
   13.679985379367038      -0.39856081552081379     
   13.709985347304247      -0.39058147920146080     
   13.739985315241455      -0.38318690088964602     
   13.769985283178665      -0.37545903491372790     
   13.799985251115874      -0.36815175527030353     
   13.829985219053080      -0.36085296420078916     
   13.859985186990290      -0.35382574946462686     
   13.889985154927496      -0.34712914922268046     
   13.919985122864706      -0.34058652325869976     
   13.949985090801915      -0.33460816721242392     
   13.979985058739121      -0.32871169105408704     
   14.009985026676331      -0.32346671837350094     
   14.039984994613539      -0.31828362267763954     
   14.069984962550748      -0.31366922108940010     
   14.099984930487958      -0.30914513915543385     
   14.129984898425164      -0.30496384090239737     
   14.159984866362374      -0.30093692429429364     
   14.189984834299583      -0.29695813362540613     
   14.219984802236789      -0.29321550144345521     
   14.249984770173999      -0.28925207368585260     
   14.279984738111208      -0.28560674209814318     
   14.309984706048414      -0.28157187531868777     
   14.339984673985624      -0.27792501875822695     
   14.369984641922830      -0.27384370154563231     
   14.399984609860040      -0.27020473677285839     
   14.429984577797249      -0.26617865754001357     
   14.459984545734457      -0.26263931951805985     
   14.489984513671667      -0.25878683230250754     
   14.519984481608873      -0.25546763995667932     
   14.549984449546082      -0.25186639965073976     
   14.579984417483292      -0.24886047900033836     
   14.609984385420498      -0.24551034695741825     
   14.639984353357708      -0.24284136170450821     
   14.669984321294917      -0.23965204054932965     
   14.699984289232123      -0.23725231001542402     
   14.729984257169333      -0.23405480377208310     
   14.759984225106543      -0.23176630076622429     
   14.789984193043750      -0.22834844353200223     
   14.819984160980958      -0.22595099077594383     
   14.849984128918166      -0.22211522687800622     
   14.879984096855376      -0.21938296086211539     
   14.909984064792585      -0.21501377215284889     
   14.939984032729791      -0.21178795467012734     
   14.969984000667001      -0.20690329915420524     
   14.999983968604207      -0.20315426086742172     
   15.029983936541417      -0.19791337097700445     
   15.059983904478626      -0.19376073426639251     
   15.089983872415832      -0.18841662544427362     
   15.119983840353042      -0.18409230146369926     
   15.149983808290251      -0.17890412973450665     
   15.179983776227459      -0.17466979289398110     
   15.209983744164669      -0.16981106917818600     
   15.239983712101878      -0.16586417223232419     
   15.269983680039084      -0.16136462307663879     
   15.299983647976294      -0.15777109407650958     
   15.329983615913500      -0.15351264513199059     
   15.359983583850710      -0.15018949720104779     
   15.389983551787919      -0.14595224534317053     
   15.419983519725125      -0.14270026021093729     
   15.449983487662335      -0.13823626570442404     
   15.479983455599543      -0.13480483879311267     
   15.509983423536751      -0.12991289726999589     
   15.539983391473960      -0.12607286661240247     
   15.569983359411168      -0.12065380729410391     
   15.599983327348378      -0.11625810089492683     
   15.629983295285587      -0.11034074149702056     
   15.659983263222793      -0.10536113513794088     
   15.689983231160003       -9.9098098457003791E-002
   15.719983199097213       -9.3634252563203013E-002
   15.749983167034419       -8.7272386740626429E-002
   15.779983134971628       -8.1534682458066055E-002
   15.809983102908834       -7.5367556659767798E-002
   15.839983070846044       -6.9638501558918708E-002
   15.869983038783253       -6.3949864045954596E-002
   15.899983006720461       -5.8531161117230779E-002
   15.929982974657671       -5.3539340247872103E-002
   15.959982942594877       -4.8693950226012417E-002
   15.989982910532087       -4.4507952996703404E-002
   16.019982878469296       -4.0408523399929397E-002
   16.049982846406504       -3.7005921313310708E-002
   16.079982814343712       -3.3701445354058945E-002
   16.109982782280920       -3.0934412815540435E-002
   16.139982750218127       -2.8343965991112885E-002
   16.169982718155339       -2.5972623645516668E-002
   16.199982686092547       -2.3907882701362571E-002
   16.229982654029754       -2.1651656939693842E-002
   16.259982621966962       -1.9860955398214752E-002
   16.289982589904170       -1.7453170164950293E-002
   16.319982557841378       -1.5673455910830691E-002
   16.349982525778589       -1.2904827359814020E-002
   16.379982493715794       -1.0907241471847851E-002
   16.409982461653005       -7.6496612538268227E-003
   16.439982429590213       -5.2690592648219070E-003
   16.469982397527421       -1.4784125724298658E-003
   16.499982365464632        1.3763008109695107E-003
   16.529982333401836        5.6738790184023280E-003
   16.559982301339048        9.0262429402395705E-003
   16.589982269276256        1.3757271173243324E-002
   16.619982237213463        1.7580674949910668E-002
   16.649982205150671        2.2648017117481767E-002
   16.679982173087883        2.6886150153352384E-002
   16.709982141025087        3.2185944764165697E-002
   16.739982108962298        3.6768304732183177E-002
   16.769982076899506        4.2195711117210100E-002
   16.799982044836714        4.7042791840700593E-002
   16.829982012773922        5.2487429925929696E-002
   16.859981980711130        5.7505500689301159E-002
   16.889981948648341        6.2842987690954755E-002
   16.919981916585545        6.7914337292705018E-002
   16.949981884522757        7.3003118665376232E-002
   16.979981852459964        7.7981119094860385E-002
   17.009981820397172        8.2671839386738277E-002
   17.039981788334380        8.7388879976860179E-002
   17.069981756271591        9.1547262903840854E-002
   17.099981724208796        9.5837602183773130E-002
   17.129981692146007        9.9374105209974251E-002
   17.159981660083215       0.10310569047010110     
   17.189981628020423       0.10600015540132879     
   17.219981595957634       0.10910367758129980     
   17.249981563894838       0.11141400137149560     
   17.279981531832050       0.11389745634857606     
   17.309981499769258       0.11574814476255035     
   17.339981467706465       0.11769154317701558     
   17.369981435643673       0.11924731144124379     
   17.399981403580881       0.12078149737066091     
   17.429981371518089       0.12221725089924773     
   17.459981339455300       0.12349733048320199     
   17.489981307392505       0.12497501177296855     
   17.519981275329716       0.12615851894464314     
   17.549981243266924       0.12781438490828501     
   17.579981211204132       0.12904777382595856     
   17.609981179141343       0.13098610331758276     
   17.639981147078551       0.13239584469254784     
   17.669981115015759       0.13468273726847124     
   17.699981082952966       0.13636513740203038     
   17.729981050890174       0.13902050188494752     
   17.759981018827382       0.14102897220910426     
   17.789980986764593       0.14402179182339658     
   17.819980954701798       0.14635743820246716     
   17.849980922639009       0.14961227445490133     
   17.879980890576217       0.15222660544114486     
   17.909980858513425       0.15564456742333665     
   17.939980826450636       0.15845825143088632     
   17.969980794387840       0.16194618592508103     
   17.999980762325052       0.16487795952287465     
   18.029980730262260       0.16837260860477554     
   18.059980698199467       0.17136489863313009     
   18.089980666136675       0.17484000440713088     
   18.119980634073887       0.17786849238018654     
   18.149980602011091       0.18132202890532123     
   18.179980569948302       0.18438520633773170     
   18.209980537885507       0.18781506154159877     
   18.239980505822718       0.19091101829713220     
   18.269980473759926       0.19429346165157668     
   18.299980441697134       0.19739774580697167     
   18.329980409634345       0.20068072570962769     
   18.359980377571549       0.20373773493223313     
   18.389980345508761       0.20685260120863636     
   18.419980313445969       0.20978528706858857     
   18.449980281383176       0.21267108345772090     
   18.479980249320384       0.21540447020833808     
   18.509980217257596       0.21803320512645286     
   18.539980185194800       0.22052094718356929     
   18.569980153132011       0.22291236272057047     
   18.599980121069219       0.22515472908732581     
   18.629980089006427       0.22737427280229972     
   18.659980056943638       0.22942026799560700     
   18.689980024880843       0.23156138080497024     
   18.719979992818054       0.23349471725473858     
   18.749979960755262       0.23565270509090908     
   18.779979928692470       0.23756766750233915     
   18.809979896629677       0.23981484552674337     
   18.839979864566885       0.24179113379382833     
   18.869979832504093       0.24416121022582471     
   18.899979800441304       0.24624593673016004     
   18.929979768378509       0.24873123593720636     
   18.959979736315720       0.25093256476946257     
   18.989979704252928       0.25349289709359457     
   19.019979672190136       0.25578531833640350     
   19.049979640127347       0.25836382125035506     
   19.079979608064555       0.26070141273778069     
   19.109979576001763       0.26324128196125884     
   19.139979543938971       0.26557341144435964     
   19.169979511876178       0.26803008206994738     
   19.199979479813386       0.27031404292433614     
   19.229979447750598       0.27265955469893377     
   19.259979415687802       0.27486631199378309     
   19.289979383625013       0.27708549930899451     
   19.319979351562221       0.27919738868597255     
   19.349979319499429       0.28127826146006074     
   19.379979287436637       0.28328026349321955     
   19.409979255373845       0.28520268733763199     
   19.439979223311056       0.28707094893780871     
   19.469979191248264       0.28879797133652496     
   19.499979159185472       0.29048990749954584     
   19.529979127122679       0.29196459669509900     
   19.559979095059891       0.29341374118167651     
   19.589979062997095       0.29456125117337650     
   19.619979030934307       0.29567678235409256     
   19.649978998871511       0.29640677833406992     
   19.679978966808722       0.29707214743029509     
   19.709978934745930       0.29727062489499934     
   19.739978902683138       0.29732671657222620     
   19.769978870620349       0.29681508951567326     
   19.799978838557553       0.29599196727759114     
   19.829978806494765       0.29439208708656428     
   19.859978774431973       0.29206171527794522     
   19.889978742369181       0.28827187683366573     
   19.919978710306388       0.28216802799508545     
   19.949978678243600       0.26994896271830371     
   19.979978646180804       0.25594490851555474     
